 command line:
   ./tb_isim_beh.exe
     -intstyle  ise
     -ipchost  localhost
     -ipcport  52342

Mon Feb 01 21:56:16 2021

Total Line Count = 703

 Elaboration time 0 sec.

 Estimate current memory usage 113.844 Meg. 

 Total signals 6
 Total nets 10
 Total signal drivers 3
 Total blocks 7
 Total primitive blocks 1
 Total processes 3
ntrace select -o on -n /tb/clk 
ntrace select -o on -n /tb/rst 
ntrace select -o on -n /tb/q 
ntrace select -o on -n /tb/q 
ntrace select -o on -n /tb/q 
ntrace select -o on -n /tb/q 
ntrace select -o on -n /tb/q 
ntrace select -o on -n /tb/q 
ntrace select -o on -n /tb/q 
ntrace select -o on -n /tb/q 
ntrace select -o on -n /tb/q 
ntrace start 
run all 
Simulator is doing circuit initialization process.
Finished circuit initialization process.
