Release 8.2i - xst I.31
Copyright (c) 1995-2006 Xilinx, Inc.  All rights reserved.
--> Parameter TMPDIR set to ./xst/projnav.tmp
CPU : 0.00 / 0.17 s | Elapsed : 0.00 / 0.00 s
 
--> Parameter xsthdpdir set to ./xst
CPU : 0.00 / 0.17 s | Elapsed : 0.00 / 0.00 s
 
--> Reading design: E10_SISO.prj

TABLE OF CONTENTS
  1) Synthesis Options Summary
  2) HDL Compilation
  3) Design Hierarchy Analysis
  4) HDL Analysis
  5) HDL Synthesis
     5.1) HDL Synthesis Report
  6) Advanced HDL Synthesis
     6.1) Advanced HDL Synthesis Report
  7) Low Level Synthesis
  8) Partition Report
  9) Final Report

=========================================================================
*                      Synthesis Options Summary                        *
=========================================================================
---- Source Parameters
Input File Name                    : "E10_SISO.prj"
Input Format                       : mixed
Ignore Synthesis Constraint File   : NO

---- Target Parameters
Output File Name                   : "E10_SISO"
Output Format                      : NGC
Target Device                      : Automotive CoolRunner2

---- Source Options
Top Module Name                    : E10_SISO
Automatic FSM Extraction           : YES
FSM Encoding Algorithm             : Auto
Mux Extraction                     : YES
Resource Sharing                   : YES

---- Target Options
Add IO Buffers                     : YES
MACRO Preserve                     : YES
XOR Preserve                       : YES
Equivalent register Removal        : YES

---- General Options
Optimization Goal                  : Speed
Optimization Effort                : 1
Keep Hierarchy                     : YES
RTL Output                         : Yes
Hierarchy Separator                : /
Bus Delimiter                      : <>
Case Specifier                     : maintain

---- Other Options
lso                                : E10_SISO.lso
verilog2001                        : YES
safe_implementation                : No
Clock Enable                       : YES
wysiwyg                            : NO

=========================================================================


=========================================================================
*                          HDL Compilation                              *
=========================================================================
Compiling vhdl file "D:/Xilinx_projects/AA/E10_SISO/E10_SISO.vhd" in Library work.
Architecture behavioral of Entity e10_siso is up to date.

=========================================================================
*                     Design Hierarchy Analysis                         *
=========================================================================
Analyzing hierarchy for entity <E10_SISO> in library <work> (architecture <behavioral>).

Building hierarchy successfully finished.

=========================================================================
*                            HDL Analysis                               *
=========================================================================
Analyzing Entity <E10_SISO> in library <work> (Architecture <behavioral>).
Entity <E10_SISO> analyzed. Unit <E10_SISO> generated.


=========================================================================
*                           HDL Synthesis                               *
=========================================================================

Performing bidirectional port resolution...

Synthesizing Unit <E10_SISO>.
    Related source file is "D:/Xilinx_projects/AA/E10_SISO/E10_SISO.vhd".
INFO:Xst:1608 - Relative priorities of control signals on register <q0> differ from those commonly found in the selected device family. This will result in additional logic around the register.
INFO:Xst:1608 - Relative priorities of control signals on register <q1> differ from those commonly found in the selected device family. This will result in additional logic around the register.
INFO:Xst:1608 - Relative priorities of control signals on register <q2> differ from those commonly found in the selected device family. This will result in additional logic around the register.
    Found 1-bit register for signal <q2>.
    Found 1-bit register for signal <q0>.
    Found 1-bit register for signal <q1>.
    Summary:
	inferred   3 D-type flip-flop(s).
Unit <E10_SISO> synthesized.


=========================================================================
HDL Synthesis Report

Macro Statistics
# Registers                                            : 3
 1-bit register                                        : 3

=========================================================================

=========================================================================
*                       Advanced HDL Synthesis                          *
=========================================================================


=========================================================================
Advanced HDL Synthesis Report

Macro Statistics
# Registers                                            : 3
 Flip-Flops                                            : 3

=========================================================================

=========================================================================
*                         Low Level Synthesis                           *
=========================================================================

Optimizing unit <E10_SISO> ...

=========================================================================
*                          Partition Report                             *
=========================================================================

Partition Implementation Status
-------------------------------

  No Partitions were found in this design.

-------------------------------

=========================================================================
*                            Final Report                               *
=========================================================================
Final Results
RTL Top Level Output File Name     : E10_SISO.ngr
Top Level Output File Name         : E10_SISO
Output Format                      : NGC
Optimization Goal                  : Speed
Keep Hierarchy                     : YES
Target Technology                  : Automotive CoolRunner2
Macro Preserve                     : YES
XOR Preserve                       : YES
Clock Enable                       : YES
wysiwyg                            : NO

Design Statistics
# IOs                              : 5

Cell Usage :
# BELS                             : 6
#      AND2                        : 3
#      INV                         : 3
# FlipFlops/Latches                : 3
#      FDCPE                       : 3
# IO Buffers                       : 5
#      IBUF                        : 4
#      OBUF                        : 1
=========================================================================
CPU : 3.45 / 3.62 s | Elapsed : 4.00 / 4.00 s
 
--> 

Total memory usage is 205448 kilobytes

Number of errors   :    0 (   0 filtered)
Number of warnings :    0 (   0 filtered)
Number of infos    :    3 (   0 filtered)

