 command line:
   ./tb_isim_beh.exe
     -intstyle  ise
     -ipchost  localhost
     -ipcport  51720

Tue Jan 19 18:57:53 2021

Total Line Count = 714

 Elaboration time 0.015625 sec.

 Estimate current memory usage 113.951 Meg. 

 Total signals 10
 Total nets 6
 Total signal drivers 6
 Total blocks 7
 Total primitive blocks 1
 Total processes 6
ntrace select -o on -n /tb/clk 
ntrace select -o on -n /tb/d 
ntrace select -o on -n /tb/q 
ntrace select -o on -n /tb/q_bar 
ntrace start 
run all 
Simulator is doing circuit initialization process.
Finished circuit initialization process.
