 command line:
   ./tb_isim_beh.exe
     -intstyle  ise
     -ipchost  localhost
     -ipcport  51562

Thu Jan 14 13:50:23 2021

Total Line Count = 733

 Elaboration time 0 sec.

 Estimate current memory usage 113.951 Meg. 

 Total signals 12
 Total nets 7
 Total signal drivers 7
 Total blocks 7
 Total primitive blocks 1
 Total processes 5
ntrace select -o on -n /tb/clk 
ntrace select -o on -n /tb/s 
ntrace select -o on -n /tb/r 
ntrace select -o on -n /tb/q 
ntrace select -o on -n /tb/q_bar 
ntrace start 
run all 
Simulator is doing circuit initialization process.
Finished circuit initialization process.
