 command line:
   ./tb_isim_beh.exe
     -intstyle  ise
     -ipchost  localhost
     -ipcport  59211

Tue Dec 15 21:31:03 2020

Total Line Count = 746

 Elaboration time 0 sec.

 Estimate current memory usage 75.1124 Meg. 

 Total signals 6
 Total nets 3
 Total signal drivers 3
 Total blocks 7
 Total primitive blocks 1
 Total processes 2
ntrace select -o on -n /tb/a 
ntrace select -o on -n /tb/b 
ntrace select -o on -n /tb/y 
ntrace start 
run all 
Simulator is doing circuit initialization process.
Finished circuit initialization process.
