 command line:
   ./tb_isim_beh.exe
     -intstyle  ise
     -ipchost  localhost
     -ipcport  53644

Fri Jan 15 00:23:40 2021

Total Line Count = 752

 Elaboration time 0.015625 sec.

 Estimate current memory usage 114.086 Meg. 

 Total signals 12
 Total nets 7
 Total signal drivers 7
 Total blocks 7
 Total primitive blocks 1
 Total processes 6
ntrace select -o on -n /tb/clk 
ntrace select -o on -n /tb/s 
ntrace select -o on -n /tb/r 
ntrace select -o on -n /tb/q 
ntrace select -o on -n /tb/q_bar 
ntrace start 
run all 
Simulator is doing circuit initialization process.
Finished circuit initialization process.
ERROR:Simulator:29 - at 1.800 us(1000) : Iteration limit is reached. Possible
   zero delay oscillation.
