 command line:
   ./tb_isim_beh.exe
     -intstyle  ise
     -ipchost  localhost
     -ipcport  58057

Fri Jan 15 18:31:48 2021

Total Line Count = 751

 Elaboration time 0.015625 sec.

 Estimate current memory usage 114.02 Meg. 

 Total signals 6
 Total nets 3
 Total signal drivers 3
 Total blocks 7
 Total primitive blocks 1
 Total processes 3
ntrace select -o on -n /tb/a 
ntrace select -o on -n /tb/b 
ntrace select -o on -n /tb/y 
ntrace start 
run all 
Simulator is doing circuit initialization process.
Finished circuit initialization process.
