 command line:
   ./tb_isim_beh.exe
     -intstyle  ise
     -ipchost  localhost
     -ipcport  52325

Thu Feb 11 13:08:11 2021

Total Line Count = 703

 Elaboration time 0.015625 sec.

 Estimate current memory usage 114.541 Meg. 

 Total signals 6
 Total nets 6
 Total signal drivers 3
 Total blocks 7
 Total primitive blocks 1
 Total processes 3
ntrace select -o on -n /tb/clk 
ntrace select -o on -n /tb/rst 
ntrace select -o on -n /tb/q 
ntrace start 
run all 
Simulator is doing circuit initialization process.
Finished circuit initialization process.
