 command line:
   ./tb_isim_beh.exe
     -intstyle  ise
     -ipchost  localhost
     -ipcport  57351

Thu Jan 07 11:56:29 2021

Total Line Count = 770

 Elaboration time 0.015625 sec.

 Estimate current memory usage 113.959 Meg. 

 Total signals 10
 Total nets 5
 Total signal drivers 5
 Total blocks 7
 Total primitive blocks 1
 Total processes 3
ntrace select -o on -n /tb/c 
ntrace select -o on -n /tb/b 
ntrace select -o on -n /tb/a 
ntrace select -o on -n /tb/sum 
ntrace select -o on -n /tb/carry 
ntrace start 
run all 
Simulator is doing circuit initialization process.
Finished circuit initialization process.
