 command line:
   ./TB_isim_beh.exe
     -intstyle  ise
     -ipchost  localhost
     -ipcport  52533

Mon Jan 18 17:05:32 2021

Total Line Count = 712

 Elaboration time 0.015625 sec.

 Estimate current memory usage 114.278 Meg. 

 Total signals 10
 Total nets 6
 Total signal drivers 6
 Total blocks 7
 Total primitive blocks 1
 Total processes 6
ntrace select -o on -n /TB/clk 
ntrace select -o on -n /TB/d 
ntrace select -o on -n /TB/q 
ntrace select -o on -n /TB/q_bar 
ntrace start 
run all 
Simulator is doing circuit initialization process.
Finished circuit initialization process.
