 command line:
   ./tb_isim_beh.exe
     -intstyle  ise
     -ipchost  localhost
     -ipcport  52633

Thu Jan 21 14:05:04 2021

Total Line Count = 713

 Elaboration time 0 sec.

 Estimate current memory usage 113.951 Meg. 

 Total signals 8
 Total nets 4
 Total signal drivers 4
 Total blocks 7
 Total primitive blocks 1
 Total processes 3
ntrace select -o on -n /tb/clk 
ntrace select -o on -n /tb/d 
ntrace select -o on -n /tb/q 
ntrace select -o on -n /tb/q_bar 
ntrace start 
run all 
Simulator is doing circuit initialization process.
Finished circuit initialization process.
